<?xml version="1.0" encoding="UTF-8"?>
<testng-results ignored="0" total="2" passed="1" failed="1" skipped="0">
  <reporter-output>
  </reporter-output>
  <suite started-at="2023-12-12T22:50:51 GMT" name="testsuite" finished-at="2023-12-12T22:51:25 GMT" duration-ms="33739">
    <groups>
      <group name="Sanity">
        <method signature="LoginTest.verifyUserShouldLoginSuccessfully()[pri:0, instance:com.orangehrmlive.demo.testsuite.LoginTest@6cf0e0ba]" name="verifyUserShouldLoginSuccessfully" class="com.orangehrmlive.demo.testsuite.LoginTest"/>
        <method signature="UsersTest.adminShouldAddUserSuccessFully()[pri:0, instance:com.orangehrmlive.demo.testsuite.UsersTest@79924b]" name="adminShouldAddUserSuccessFully" class="com.orangehrmlive.demo.testsuite.UsersTest"/>
      </group> <!-- Sanity -->
      <group name="Regression">
        <method signature="LoginTest.verifyUserShouldLoginSuccessfully()[pri:0, instance:com.orangehrmlive.demo.testsuite.LoginTest@6cf0e0ba]" name="verifyUserShouldLoginSuccessfully" class="com.orangehrmlive.demo.testsuite.LoginTest"/>
        <method signature="UsersTest.adminShouldAddUserSuccessFully()[pri:0, instance:com.orangehrmlive.demo.testsuite.UsersTest@79924b]" name="adminShouldAddUserSuccessFully" class="com.orangehrmlive.demo.testsuite.UsersTest"/>
      </group> <!-- Regression -->
      <group name="Smoke">
        <method signature="LoginTest.verifyUserShouldLoginSuccessfully()[pri:0, instance:com.orangehrmlive.demo.testsuite.LoginTest@6cf0e0ba]" name="verifyUserShouldLoginSuccessfully" class="com.orangehrmlive.demo.testsuite.LoginTest"/>
        <method signature="UsersTest.adminShouldAddUserSuccessFully()[pri:0, instance:com.orangehrmlive.demo.testsuite.UsersTest@79924b]" name="adminShouldAddUserSuccessFully" class="com.orangehrmlive.demo.testsuite.UsersTest"/>
      </group> <!-- Smoke -->
    </groups>
    <test started-at="2023-12-12T22:50:51 GMT" name="Sanity Test" finished-at="2023-12-12T22:51:25 GMT" duration-ms="33739">
      <class name="com.orangehrmlive.demo.testsuite.LoginTest">
        <test-method is-config="true" signature="setUp()[pri:0, instance:com.orangehrmlive.demo.testsuite.LoginTest@6cf0e0ba]" started-at="2023-12-12T22:51:20 GMT" name="setUp" finished-at="2023-12-12T22:51:23 GMT" duration-ms="2934" status="PASS">
          <reporter-output>
          </reporter-output>
        </test-method> <!-- setUp -->
        <test-method is-config="true" signature="inIt()[pri:0, instance:com.orangehrmlive.demo.testsuite.LoginTest@6cf0e0ba]" started-at="2023-12-12T22:51:23 GMT" name="inIt" finished-at="2023-12-12T22:51:23 GMT" duration-ms="12" status="PASS">
          <reporter-output>
          </reporter-output>
        </test-method> <!-- inIt -->
        <test-method signature="verifyUserShouldLoginSuccessfully()[pri:0, instance:com.orangehrmlive.demo.testsuite.LoginTest@6cf0e0ba]" started-at="2023-12-12T22:51:23 GMT" name="verifyUserShouldLoginSuccessfully" finished-at="2023-12-12T22:51:25 GMT" duration-ms="1966" status="PASS">
          <reporter-output>
          </reporter-output>
        </test-method> <!-- verifyUserShouldLoginSuccessfully -->
      </class> <!-- com.orangehrmlive.demo.testsuite.LoginTest -->
      <class name="com.orangehrmlive.demo.testsuite.UsersTest">
        <test-method is-config="true" signature="setUp()[pri:0, instance:com.orangehrmlive.demo.testsuite.UsersTest@79924b]" started-at="2023-12-12T22:50:51 GMT" name="setUp" finished-at="2023-12-12T22:50:55 GMT" duration-ms="3679" status="PASS">
          <reporter-output>
          </reporter-output>
        </test-method> <!-- setUp -->
        <test-method is-config="true" signature="inIt()[pri:0, instance:com.orangehrmlive.demo.testsuite.UsersTest@79924b]" started-at="2023-12-12T22:50:55 GMT" name="inIt" finished-at="2023-12-12T22:50:55 GMT" duration-ms="35" status="PASS">
          <reporter-output>
          </reporter-output>
        </test-method> <!-- inIt -->
        <test-method signature="adminShouldAddUserSuccessFully()[pri:0, instance:com.orangehrmlive.demo.testsuite.UsersTest@79924b]" started-at="2023-12-12T22:50:55 GMT" name="adminShouldAddUserSuccessFully" finished-at="2023-12-12T22:51:19 GMT" duration-ms="24440" status="FAIL">
          <exception class="org.openqa.selenium.NoSuchElementException">
            <message>
              <![CDATA[no such element: Unable to locate element: {"method":"xpath","selector":"//body/div[@id='app']/div[1]/div[2]/div[2]/div[1]/div[1]/div[2]/form[1]/div[1]/div[1]/div[1]/div[1]/div[2]"}
  (Session info: chrome=120.0.6099.71)
For documentation on this error, please visit: https://www.selenium.dev/documentation/webdriver/troubleshooting/errors#no-such-element-exception
Build info: version: '4.15.0', revision: '1d14b5521b'
System info: os.name: 'Windows 11', os.arch: 'amd64', os.version: '10.0', java.version: '17.0.8'
Driver info: org.openqa.selenium.chrome.ChromeDriver
Command: [f15af88f181831a14fce6295c99372f8, findElement {using=xpath, value=//body/div[@id='app']/div[1]/div[2]/div[2]/div[1]/div[1]/div[2]/form[1]/div[1]/div[1]/div[1]/div[1]/div[2]}]
Capabilities {acceptInsecureCerts: false, browserName: chrome, browserVersion: 120.0.6099.71, chrome: {chromedriverVersion: 120.0.6099.71 (9729082fe617..., userDataDir: C:\Users\44795\AppData\Loca...}, fedcm:accounts: true, goog:chromeOptions: {debuggerAddress: localhost:58474}, networkConnectionEnabled: false, pageLoadStrategy: normal, platformName: windows, proxy: Proxy(), se:cdp: ws://localhost:58474/devtoo..., se:cdpVersion: 120.0.6099.71, setWindowRect: true, strictFileInteractability: false, timeouts: {implicit: 0, pageLoad: 300000, script: 30000}, unhandledPromptBehavior: dismiss and notify, webauthn:extension:credBlob: true, webauthn:extension:largeBlob: true, webauthn:extension:minPinLength: true, webauthn:extension:prf: true, webauthn:virtualAuthenticators: true}
Session ID: f15af88f181831a14fce6295c99372f8]]>
            </message>
            <full-stacktrace>
              <![CDATA[org.openqa.selenium.NoSuchElementException: no such element: Unable to locate element: {"method":"xpath","selector":"//body/div[@id='app']/div[1]/div[2]/div[2]/div[1]/div[1]/div[2]/form[1]/div[1]/div[1]/div[1]/div[1]/div[2]"}
  (Session info: chrome=120.0.6099.71)
For documentation on this error, please visit: https://www.selenium.dev/documentation/webdriver/troubleshooting/errors#no-such-element-exception
Build info: version: '4.15.0', revision: '1d14b5521b'
System info: os.name: 'Windows 11', os.arch: 'amd64', os.version: '10.0', java.version: '17.0.8'
Driver info: org.openqa.selenium.chrome.ChromeDriver
Command: [f15af88f181831a14fce6295c99372f8, findElement {using=xpath, value=//body/div[@id='app']/div[1]/div[2]/div[2]/div[1]/div[1]/div[2]/form[1]/div[1]/div[1]/div[1]/div[1]/div[2]}]
Capabilities {acceptInsecureCerts: false, browserName: chrome, browserVersion: 120.0.6099.71, chrome: {chromedriverVersion: 120.0.6099.71 (9729082fe617..., userDataDir: C:\Users\44795\AppData\Loca...}, fedcm:accounts: true, goog:chromeOptions: {debuggerAddress: localhost:58474}, networkConnectionEnabled: false, pageLoadStrategy: normal, platformName: windows, proxy: Proxy(), se:cdp: ws://localhost:58474/devtoo..., se:cdpVersion: 120.0.6099.71, setWindowRect: true, strictFileInteractability: false, timeouts: {implicit: 0, pageLoad: 300000, script: 30000}, unhandledPromptBehavior: dismiss and notify, webauthn:extension:credBlob: true, webauthn:extension:largeBlob: true, webauthn:extension:minPinLength: true, webauthn:extension:prf: true, webauthn:virtualAuthenticators: true}
Session ID: f15af88f181831a14fce6295c99372f8
at java.base/jdk.internal.reflect.NativeConstructorAccessorImpl.newInstance0(Native Method)
at java.base/jdk.internal.reflect.NativeConstructorAccessorImpl.newInstance(NativeConstructorAccessorImpl.java:77)
at java.base/jdk.internal.reflect.DelegatingConstructorAccessorImpl.newInstance(DelegatingConstructorAccessorImpl.java:45)
at java.base/java.lang.reflect.Constructor.newInstanceWithCaller(Constructor.java:499)
at java.base/java.lang.reflect.Constructor.newInstance(Constructor.java:480)
at org.openqa.selenium.remote.codec.w3c.W3CHttpResponseCodec.createException(W3CHttpResponseCodec.java:200)
at org.openqa.selenium.remote.codec.w3c.W3CHttpResponseCodec.decode(W3CHttpResponseCodec.java:133)
at org.openqa.selenium.remote.codec.w3c.W3CHttpResponseCodec.decode(W3CHttpResponseCodec.java:52)
at org.openqa.selenium.remote.HttpCommandExecutor.execute(HttpCommandExecutor.java:191)
at org.openqa.selenium.remote.service.DriverCommandExecutor.invokeExecute(DriverCommandExecutor.java:200)
at org.openqa.selenium.remote.service.DriverCommandExecutor.execute(DriverCommandExecutor.java:175)
at org.openqa.selenium.remote.RemoteWebDriver.execute(RemoteWebDriver.java:607)
at org.openqa.selenium.remote.ElementLocation$ElementFinder$2.findElement(ElementLocation.java:165)
at org.openqa.selenium.remote.ElementLocation.findElement(ElementLocation.java:59)
at org.openqa.selenium.remote.RemoteWebDriver.findElement(RemoteWebDriver.java:364)
at org.openqa.selenium.remote.RemoteWebDriver.findElement(RemoteWebDriver.java:358)
at org.openqa.selenium.support.pagefactory.DefaultElementLocator.findElement(DefaultElementLocator.java:68)
at org.openqa.selenium.support.pagefactory.internal.LocatingElementHandler.invoke(LocatingElementHandler.java:38)
at jdk.proxy2/jdk.proxy2.$Proxy15.sendKeys(Unknown Source)
at com.orangehrmlive.demo.utility.Utility.sendTextToElement(Utility.java:73)
at com.orangehrmlive.demo.pages.ViewSystemUserPage.setEnterUsername(ViewSystemUserPage.java:47)
at com.orangehrmlive.demo.testsuite.UsersTest.adminShouldAddUserSuccessFully(UsersTest.java:55)
at java.base/jdk.internal.reflect.NativeMethodAccessorImpl.invoke0(Native Method)
at java.base/jdk.internal.reflect.NativeMethodAccessorImpl.invoke(NativeMethodAccessorImpl.java:77)
at java.base/jdk.internal.reflect.DelegatingMethodAccessorImpl.invoke(DelegatingMethodAccessorImpl.java:43)
at java.base/java.lang.reflect.Method.invoke(Method.java:568)
at org.testng.internal.invokers.MethodInvocationHelper.invokeMethod(MethodInvocationHelper.java:139)
at org.testng.internal.invokers.TestInvoker.invokeMethod(TestInvoker.java:664)
at org.testng.internal.invokers.TestInvoker.invokeTestMethod(TestInvoker.java:227)
at org.testng.internal.invokers.MethodRunner.runInSequence(MethodRunner.java:50)
at org.testng.internal.invokers.TestInvoker$MethodInvocationAgent.invoke(TestInvoker.java:957)
at org.testng.internal.invokers.TestInvoker.invokeTestMethods(TestInvoker.java:200)
at org.testng.internal.invokers.TestMethodWorker.invokeTestMethods(TestMethodWorker.java:148)
at org.testng.internal.invokers.TestMethodWorker.run(TestMethodWorker.java:128)
at java.base/java.util.ArrayList.forEach(ArrayList.java:1511)
at org.testng.TestRunner.privateRun(TestRunner.java:848)
at org.testng.TestRunner.run(TestRunner.java:621)
at org.testng.SuiteRunner.runTest(SuiteRunner.java:443)
at org.testng.SuiteRunner.runSequentially(SuiteRunner.java:437)
at org.testng.SuiteRunner.privateRun(SuiteRunner.java:397)
at org.testng.SuiteRunner.run(SuiteRunner.java:336)
at org.testng.SuiteRunnerWorker.runSuite(SuiteRunnerWorker.java:52)
at org.testng.SuiteRunnerWorker.run(SuiteRunnerWorker.java:95)
at org.testng.TestNG.runSuitesSequentially(TestNG.java:1280)
at org.testng.TestNG.runSuitesLocally(TestNG.java:1200)
at org.testng.TestNG.runSuites(TestNG.java:1114)
at org.testng.TestNG.run(TestNG.java:1082)
at com.intellij.rt.testng.IDEARemoteTestNG.run(IDEARemoteTestNG.java:66)
at com.intellij.rt.testng.RemoteTestNGStarter.main(RemoteTestNGStarter.java:105)
]]>
            </full-stacktrace>
          </exception> <!-- org.openqa.selenium.NoSuchElementException -->
          <reporter-output>
          </reporter-output>
        </test-method> <!-- adminShouldAddUserSuccessFully -->
      </class> <!-- com.orangehrmlive.demo.testsuite.UsersTest -->
    </test> <!-- Sanity Test -->
  </suite> <!-- testsuite -->
</testng-results>
